<?xml version="1.0" encoding="UTF-8"?>
<Site BuildName="Win32-mingw32-make"
	BuildStamp="20250226-1019-Experimental"
	Name="MSI-LEOPARD"
	Generator="ctest-3.31.5"
	CompilerName="C:/Programs/mingw64/bin/g++.exe"
	CompilerVersion="14.2.0"
	OSName="Windows"
	Hostname="MSI-LEOPARD"
	OSRelease=" Professional"
	OSVersion=" (Build 19045)"
	OSPlatform="AMD64"
	Is64Bits="1"
	VendorString="GenuineIntel"
	VendorID="Intel Corporation"
	FamilyID="6"
	ModelID="5"
	ModelName=""
	ProcessorCacheSize="-1"
	NumberOfLogicalCPU="12"
	NumberOfPhysicalCPU="6"
	TotalVirtualMemory="21442"
	TotalPhysicalMemory="16200"
	LogicalProcessorsPerPhysical="2"
	ProcessorClockFrequency="2592"
	>
	<Testing>
		<StartDateTime>Feb 26 21:33 Central European Standard Time</StartDateTime>
		<StartTestTime>1740601986</StartTestTime>
		<TestList/>
		<EndDateTime>Feb 26 21:33 Central European Standard Time</EndDateTime>
		<EndTestTime>1740601986</EndTestTime>
		<ElapsedMinutes>0</ElapsedMinutes>
	</Testing>
</Site>
